Vivado Simulator 2018.3
Time resolution is 1 ps
WARNING: Data truncated while reading Datafile: memory_prueba_b.mem, while loading at index: 2
WARNING: Data truncated while reading Datafile: memory_prueba_b.mem, while loading at index: 3
WARNING: Data truncated while reading Datafile: memory_prueba_b.mem, while loading at index: 4
WARNING: Data truncated while reading Datafile: memory_prueba_b.mem, while loading at index: 5
WARNING: Data truncated while reading Datafile: memory_prueba_b.mem, while loading at index: 6
WARNING: Data truncated while reading Datafile: memory_prueba_b.mem, while loading at index: 7
WARNING: Data truncated while reading Datafile: memory_prueba_b.mem, while loading at index: 8
WARNING: Data truncated while reading Datafile: memory_prueba_b.mem, while loading at index: 9
WARNING: Data truncated while reading Datafile: memory_prueba_b.mem, while loading at index: 10
WARNING: Data truncated while reading Datafile: memory_prueba_b.mem, while loading at index: 11
WARNING: Data truncated while reading Datafile: memory_prueba_b.mem, while loading at index: 12
WARNING: Data truncated while reading Datafile: memory_prueba_b.mem, while loading at index: 13
WARNING: Data truncated while reading Datafile: memory_prueba_b.mem, while loading at index: 14
WARNING: Data truncated while reading Datafile: memory_prueba_b.mem, while loading at index: 16
          0 xxxxxxxxxxxxxxxx
          1 0000000000000000
          2 0010000001010001
          3 0100000001010010
          4 0100000001010011
          5 0100000001010100
          6 0100000001010101
          7 0100000001010110
          8 0100000001010111
          9 0100000001011000
         10 0100000001011001
         11 0100000001011010
         12 0100000001011011
         13 0100000001011100
         14 0100000001011101
         15 0100000001011110
         16 0001010000000101
         17 0110000100010110
         18 0000000100010001
         19 0000000000010001
         20 0000000000010010
         21 0000000000010011
         22 0000000000010100
         23 0000000000010101
         24 xxxxxxxxxxxxxxxx
         25 xxxxxxxxxxxxxxxx
         26 xxxxxxxxxxxxxxxx
         27 xxxxxxxxxxxxxxxx
         28 xxxxxxxxxxxxxxxx
         29 xxxxxxxxxxxxxxxx
         30 xxxxxxxxxxxxxxxx
         31 xxxxxxxxxxxxxxxx
         32 xxxxxxxxxxxxxxxx
         33 xxxxxxxxxxxxxxxx
         34 xxxxxxxxxxxxxxxx
         35 xxxxxxxxxxxxxxxx
         36 xxxxxxxxxxxxxxxx
         37 xxxxxxxxxxxxxxxx
         38 xxxxxxxxxxxxxxxx
         39 xxxxxxxxxxxxxxxx
         40 xxxxxxxxxxxxxxxx
         41 xxxxxxxxxxxxxxxx
         42 xxxxxxxxxxxxxxxx
         43 xxxxxxxxxxxxxxxx
         44 xxxxxxxxxxxxxxxx
         45 xxxxxxxxxxxxxxxx
         46 xxxxxxxxxxxxxxxx
         47 xxxxxxxxxxxxxxxx
         48 xxxxxxxxxxxxxxxx
         49 xxxxxxxxxxxxxxxx
         50 xxxxxxxxxxxxxxxx
         51 xxxxxxxxxxxxxxxx
         52 xxxxxxxxxxxxxxxx
         53 xxxxxxxxxxxxxxxx
         54 xxxxxxxxxxxxxxxx
         55 xxxxxxxxxxxxxxxx
         56 xxxxxxxxxxxxxxxx
         57 xxxxxxxxxxxxxxxx
         58 xxxxxxxxxxxxxxxx
         59 xxxxxxxxxxxxxxxx
         60 xxxxxxxxxxxxxxxx
         61 xxxxxxxxxxxxxxxx
         62 xxxxxxxxxxxxxxxx
         63 xxxxxxxxxxxxxxxx
         64 xxxxxxxxxxxxxxxx
         65 xxxxxxxxxxxxxxxx
         66 xxxxxxxxxxxxxxxx
         67 xxxxxxxxxxxxxxxx
         68 xxxxxxxxxxxxxxxx
         69 xxxxxxxxxxxxxxxx
         70 xxxxxxxxxxxxxxxx
         71 xxxxxxxxxxxxxxxx
         72 xxxxxxxxxxxxxxxx
         73 xxxxxxxxxxxxxxxx
         74 xxxxxxxxxxxxxxxx
         75 xxxxxxxxxxxxxxxx
         76 xxxxxxxxxxxxxxxx
         77 xxxxxxxxxxxxxxxx
         78 xxxxxxxxxxxxxxxx
         79 xxxxxxxxxxxxxxxx
         80 xxxxxxxxxxxxxxxx
         81 xxxxxxxxxxxxxxxx
         82 xxxxxxxxxxxxxxxx
         83 xxxxxxxxxxxxxxxx
         84 xxxxxxxxxxxxxxxx
         85 xxxxxxxxxxxxxxxx
         86 xxxxxxxxxxxxxxxx
         87 xxxxxxxxxxxxxxxx
         88 xxxxxxxxxxxxxxxx
         89 xxxxxxxxxxxxxxxx
         90 xxxxxxxxxxxxxxxx
         91 xxxxxxxxxxxxxxxx
         92 xxxxxxxxxxxxxxxx
         93 xxxxxxxxxxxxxxxx
         94 xxxxxxxxxxxxxxxx
         95 xxxxxxxxxxxxxxxx
         96 xxxxxxxxxxxxxxxx
         97 xxxxxxxxxxxxxxxx
         98 xxxxxxxxxxxxxxxx
         99 xxxxxxxxxxxxxxxx
        100 xxxxxxxxxxxxxxxx
        101 xxxxxxxxxxxxxxxx
        102 xxxxxxxxxxxxxxxx
        103 xxxxxxxxxxxxxxxx
        104 xxxxxxxxxxxxxxxx
        105 xxxxxxxxxxxxxxxx
        106 xxxxxxxxxxxxxxxx
        107 xxxxxxxxxxxxxxxx
        108 xxxxxxxxxxxxxxxx
        109 xxxxxxxxxxxxxxxx
        110 xxxxxxxxxxxxxxxx
        111 xxxxxxxxxxxxxxxx
        112 xxxxxxxxxxxxxxxx
        113 xxxxxxxxxxxxxxxx
        114 xxxxxxxxxxxxxxxx
        115 xxxxxxxxxxxxxxxx
        116 xxxxxxxxxxxxxxxx
        117 xxxxxxxxxxxxxxxx
        118 xxxxxxxxxxxxxxxx
        119 xxxxxxxxxxxxxxxx
        120 xxxxxxxxxxxxxxxx
        121 xxxxxxxxxxxxxxxx
        122 xxxxxxxxxxxxxxxx
        123 xxxxxxxxxxxxxxxx
        124 xxxxxxxxxxxxxxxx
        125 xxxxxxxxxxxxxxxx
        126 xxxxxxxxxxxxxxxx
        127 xxxxxxxxxxxxxxxx
        128 xxxxxxxxxxxxxxxx
        129 xxxxxxxxxxxxxxxx
        130 xxxxxxxxxxxxxxxx
        131 xxxxxxxxxxxxxxxx
        132 xxxxxxxxxxxxxxxx
        133 xxxxxxxxxxxxxxxx
        134 xxxxxxxxxxxxxxxx
        135 xxxxxxxxxxxxxxxx
        136 xxxxxxxxxxxxxxxx
        137 xxxxxxxxxxxxxxxx
        138 xxxxxxxxxxxxxxxx
        139 xxxxxxxxxxxxxxxx
        140 xxxxxxxxxxxxxxxx
        141 xxxxxxxxxxxxxxxx
        142 xxxxxxxxxxxxxxxx
        143 xxxxxxxxxxxxxxxx
        144 xxxxxxxxxxxxxxxx
        145 xxxxxxxxxxxxxxxx
        146 xxxxxxxxxxxxxxxx
        147 xxxxxxxxxxxxxxxx
        148 xxxxxxxxxxxxxxxx
        149 xxxxxxxxxxxxxxxx
        150 xxxxxxxxxxxxxxxx
        151 xxxxxxxxxxxxxxxx
        152 xxxxxxxxxxxxxxxx
        153 xxxxxxxxxxxxxxxx
        154 xxxxxxxxxxxxxxxx
        155 xxxxxxxxxxxxxxxx
        156 xxxxxxxxxxxxxxxx
        157 xxxxxxxxxxxxxxxx
        158 xxxxxxxxxxxxxxxx
        159 xxxxxxxxxxxxxxxx
        160 xxxxxxxxxxxxxxxx
        161 xxxxxxxxxxxxxxxx
        162 xxxxxxxxxxxxxxxx
        163 xxxxxxxxxxxxxxxx
        164 xxxxxxxxxxxxxxxx
        165 xxxxxxxxxxxxxxxx
        166 xxxxxxxxxxxxxxxx
        167 xxxxxxxxxxxxxxxx
        168 xxxxxxxxxxxxxxxx
        169 xxxxxxxxxxxxxxxx
        170 xxxxxxxxxxxxxxxx
        171 xxxxxxxxxxxxxxxx
        172 xxxxxxxxxxxxxxxx
        173 xxxxxxxxxxxxxxxx
        174 xxxxxxxxxxxxxxxx
        175 xxxxxxxxxxxxxxxx
        176 xxxxxxxxxxxxxxxx
        177 xxxxxxxxxxxxxxxx
        178 xxxxxxxxxxxxxxxx
        179 xxxxxxxxxxxxxxxx
        180 xxxxxxxxxxxxxxxx
        181 xxxxxxxxxxxxxxxx
        182 xxxxxxxxxxxxxxxx
        183 xxxxxxxxxxxxxxxx
        184 xxxxxxxxxxxxxxxx
        185 xxxxxxxxxxxxxxxx
        186 xxxxxxxxxxxxxxxx
        187 xxxxxxxxxxxxxxxx
        188 xxxxxxxxxxxxxxxx
        189 xxxxxxxxxxxxxxxx
        190 xxxxxxxxxxxxxxxx
        191 xxxxxxxxxxxxxxxx
        192 xxxxxxxxxxxxxxxx
        193 xxxxxxxxxxxxxxxx
        194 xxxxxxxxxxxxxxxx
        195 xxxxxxxxxxxxxxxx
        196 xxxxxxxxxxxxxxxx
        197 xxxxxxxxxxxxxxxx
        198 xxxxxxxxxxxxxxxx
        199 xxxxxxxxxxxxxxxx
        200 xxxxxxxxxxxxxxxx
        201 xxxxxxxxxxxxxxxx
        202 xxxxxxxxxxxxxxxx
        203 xxxxxxxxxxxxxxxx
        204 xxxxxxxxxxxxxxxx
        205 xxxxxxxxxxxxxxxx
        206 xxxxxxxxxxxxxxxx
        207 xxxxxxxxxxxxxxxx
        208 xxxxxxxxxxxxxxxx
        209 xxxxxxxxxxxxxxxx
        210 xxxxxxxxxxxxxxxx
        211 xxxxxxxxxxxxxxxx
        212 xxxxxxxxxxxxxxxx
        213 xxxxxxxxxxxxxxxx
        214 xxxxxxxxxxxxxxxx
        215 xxxxxxxxxxxxxxxx
        216 xxxxxxxxxxxxxxxx
        217 xxxxxxxxxxxxxxxx
        218 xxxxxxxxxxxxxxxx
        219 xxxxxxxxxxxxxxxx
        220 xxxxxxxxxxxxxxxx
        221 xxxxxxxxxxxxxxxx
        222 xxxxxxxxxxxxxxxx
        223 xxxxxxxxxxxxxxxx
        224 xxxxxxxxxxxxxxxx
        225 xxxxxxxxxxxxxxxx
        226 xxxxxxxxxxxxxxxx
        227 xxxxxxxxxxxxxxxx
        228 xxxxxxxxxxxxxxxx
        229 xxxxxxxxxxxxxxxx
        230 xxxxxxxxxxxxxxxx
        231 xxxxxxxxxxxxxxxx
        232 xxxxxxxxxxxxxxxx
        233 xxxxxxxxxxxxxxxx
        234 xxxxxxxxxx