
*** Running vivado
    with args -log procesador.vds -m64 -product Vivado -mode batch -messageDb vivado.pb -notrace -source procesador.tcl


****** Vivado v2018.3 (64-bit)
  **** SW Build 2405991 on Thu Dec  6 23:38:27 MST 2018
  **** IP Build 2404404 on Fri Dec  7 01:43:56 MST 2018
    ** Copyright 1986-2018 Xilinx, Inc. All Rights Reserved.

source procesador.tcl -notrace
Command: synth_design -top procesador -part xc7k70tfbv676-1
Starting synth_design
Attempting to get a license for feature 'Synthesis' and/or device 'xc7k70t'
INFO: [Common 17-349] Got license for feature 'Synthesis' and/or device 'xc7k70t'
INFO: Launching helper process for spawning children vivado processes
INFO: Helper process launched with PID 14404 
---------------------------------------------------------------------------------
Starting Synthesize : Time (s): cpu = 00:00:04 ; elapsed = 00:00:05 . Memory (MB): peak = 361.902 ; gain = 100.953
---------------------------------------------------------------------------------
INFO: [Synth 8-6157] synthesizing module 'procesador' [C:/Users/Rey Messon/Desktop/procesador_mips/project_21/project_21.srcs/sources_1/new/procesador.v:23]
INFO: [Synth 8-6157] synthesizing module 'memory' [C:/Users/Rey Messon/Desktop/procesador_mips/project_21/project_21.srcs/sources_1/new/memory.v:23]
INFO: [Synth 8-3876] $readmem data file 'memory_prueba_b.mem' is read successfully [C:/Users/Rey Messon/Desktop/procesador_mips/project_21/project_21.srcs/sources_1/new/memory.v:36]
INFO: [Synth 8-6155] done synthesizing module 'memory' (1#1) [C:/Users/Rey Messon/Desktop/procesador_mips/project_21/project_21.srcs/sources_1/new/memory.v:23]
ERROR: [Synth 8-685] variable 'data_out' should not be used in output port connection [C:/Users/Rey Messon/Desktop/procesador_mips/project_21/project_21.srcs/sources_1/new/procesador.v:44]
ERROR: [Synth 8-6156] failed synthesizing module 'procesador' [C:/Users/Rey Messon/Desktop/procesador_mips/project_21/project_21.srcs/sources_1/new/procesador.v:23]
---------------------------------------------------------------------------------
Finished Synthesize : Time (s): cpu = 00:00:06 ; elapsed = 00:00:07 . Memory (MB): peak = 417.641 ; gain = 156.691
---------------------------------------------------------------------------------
synthesize failed
INFO: [Common 17-83] Releasing license: Synthesis
6 Infos, 0 Warnings, 0 Critical Warnings and 3 Errors encountered.
synth_design failed
ERROR: [Common 17-69] Command failed: Vivado Synthesis failed
INFO: [Common 17-206] Exiting Vivado at Sun Aug  9 20:13:59 2020...
