
*** Running vivado
    with args -log procesador.vds -m64 -product Vivado -mode batch -messageDb vivado.pb -notrace -source procesador.tcl


****** Vivado v2018.3 (64-bit)
  **** SW Build 2405991 on Thu Dec  6 23:38:27 MST 2018
  **** IP Build 2404404 on Fri Dec  7 01:43:56 MST 2018
    ** Copyright 1986-2018 Xilinx, Inc. All Rights Reserved.

source procesador.tcl -notrace
Command: synth_design -top procesador -part xc7k70tfbv676-1
Starting synth_design
Attempting to get a license for feature 'Synthesis' and/or device 'xc7k70t'
INFO: [Common 17-349] Got license for feature 'Synthesis' and/or device 'xc7k70t'
INFO: Launching helper process for spawning children vivado processes
INFO: Helper process launched with PID 2380 
---------------------------------------------------------------------------------
Starting Synthesize : Time (s): cpu = 00:00:05 ; elapsed = 00:00:06 . Memory (MB): peak = 362.379 ; gain = 101.551
---------------------------------------------------------------------------------
INFO: [Synth 8-6157] synthesizing module 'procesador' [C:/Users/Rey Messon/Desktop/procesador_mips/project_15/project_15.srcs/sources_1/new/procesador.v:23]
INFO: [Synth 8-6157] synthesizing module 'memory' [C:/Users/Rey Messon/Desktop/procesador_mips/project_15/project_15.srcs/sources_1/new/memory.v:1]
INFO: [Synth 8-6155] done synthesizing module 'memory' (1#1) [C:/Users/Rey Messon/Desktop/procesador_mips/project_15/project_15.srcs/sources_1/new/memory.v:1]
WARNING: [Synth 8-350] instance 'mem' of module 'memory' requires 6 connections, but only 4 given [C:/Users/Rey Messon/Desktop/procesador_mips/project_15/project_15.srcs/sources_1/new/procesador.v:36]
INFO: [Synth 8-6157] synthesizing module 'stateMachine' [C:/Users/Rey Messon/Desktop/procesador_mips/project_15/project_15.srcs/sources_1/new/stateMachine.v:23]
WARNING: [Synth 8-3848] Net data_out in module/entity stateMachine does not have driver. [C:/Users/Rey Messon/Desktop/procesador_mips/project_15/project_15.srcs/sources_1/new/stateMachine.v:29]
INFO: [Synth 8-6155] done synthesizing module 'stateMachine' (2#1) [C:/Users/Rey Messon/Desktop/procesador_mips/project_15/project_15.srcs/sources_1/new/stateMachine.v:23]
WARNING: [Synth 8-350] instance 'nolabel_line38' of module 'stateMachine' requires 6 connections, but only 4 given [C:/Users/Rey Messon/Desktop/procesador_mips/project_15/project_15.srcs/sources_1/new/procesador.v:38]
INFO: [Synth 8-6155] done synthesizing module 'procesador' (3#1) [C:/Users/Rey Messon/Desktop/procesador_mips/project_15/project_15.srcs/sources_1/new/procesador.v:23]
WARNING: [Synth 8-3331] design stateMachine has unconnected port data_out[15]
WARNING: [Synth 8-3331] design stateMachine has unconnected port data_out[14]
WARNING: [Synth 8-3331] design stateMachine has unconnected port data_out[13]
WARNING: [Synth 8-3331] design stateMachine has unconnected port data_out[12]
WARNING: [Synth 8-3331] design stateMachine has unconnected port data_out[11]
WARNING: [Synth 8-3331] design stateMachine has unconnected port data_out[10]
WARNING: [Synth 8-3331] design stateMachine has unconnected port data_out[9]
WARNING: [Synth 8-3331] design stateMachine has unconnected port data_out[8]
WARNING: [Synth 8-3331] design stateMachine has unconnected port data_out[7]
WARNING: [Synth 8-3331] design stateMachine has unconnected port data_out[6]
WARNING: [Synth 8-3331] design stateMachine has unconnected port data_out[5]
WARNING: [Synth 8-3331] design stateMachine has unconnected port data_out[4]
WARNING: [Synth 8-3331] design stateMachine has unconnected port data_out[3]
WARNING: [Synth 8-3331] design stateMachine has unconnected port data_out[2]
WARNING: [Synth 8-3331] design stateMachine has unconnected port data_out[1]
WARNING: [Synth 8-3331] design stateMachine has unconnected port data_out[0]
WARNING: [Synth 8-3331] design stateMachine has unconnected port clk
WARNING: [Synth 8-3331] design stateMachine has unconnected port reset
WARNING: [Synth 8-3331] design stateMachine has unconnected port data_in[15]
WARNING: [Synth 8-3331] design stateMachine has unconnected port data_in[14]
WARNING: [Synth 8-3331] design stateMachine has unconnected port data_in[13]
WARNING: [Synth 8-3331] design stateMachine has unconnected port data_in[12]
WARNING: [Synth 8-3331] design stateMachine has unconnected port data_in[11]
WARNING: [Synth 8-3331] design stateMachine has unconnected port data_in[10]
WARNING: [Synth 8-3331] design stateMachine has unconnected port data_in[9]
WARNING: [Synth 8-3331] design stateMachine has unconnected port data_in[8]
WARNING: [Synth 8-3331] design stateMachine has unconnected port data_in[7]
WARNING: [Synth 8-3331] design stateMachine has unconnected port data_in[6]
WARNING: [Synth 8-3331] design stateMachine has unconnected port data_in[5]
WARNING: [Synth 8-3331] design stateMachine has unconnected port data_in[4]
WARNING: [Synth 8-3331] design stateMachine has unconnected port data_in[3]
WARNING: [Synth 8-3331] design stateMachine has unconnected port data_in[2]
WARNING: [Synth 8-3331] design stateMachine has unconnected port data_in[1]
WARNING: [Synth 8-3331] design stateMachine has unconnected port data_in[0]
WARNING: [Synth 8-3331] design stateMachine has unconnected port we
WARNING: [Synth 8-3331] design stateMachine has unconnected port address[15]
WARNING: [Synth 8-3331] design stateMachine has unconnected port address[14]
WARNING: [Synth 8-3331] design stateMachine has unconnected port address[13]
WARNING: [Synth 8-3331] design stateMachine has unconnected port address[12]
WARNING: [Synth 8-3331] design stateMachine has unconnected port address[11]
WARNING: [Synth 8-3331] design stateMachine has unconnected port address[10]
WARNING: [Synth 8-3331] design stateMachine has unconnected port address[9]
WARNING: [Synth 8-3331] design stateMachine has unconnected port address[8]
WARNING: [Synth 8-3331] design stateMachine has unconnected port address[7]
WARNING: [Synth 8-3331] design stateMachine has unconnected port address[6]
WARNING: [Synth 8-3331] design stateMachine has unconnected port address[5]
WARNING: [Synth 8-3331] design stateMachine has unconnected port address[4]
WARNING: [Synth 8-3331] design stateMachine has unconnected port address[3]
WARNING: [Synth 8-3331] design stateMachine has unconnected port address[2]
WARNING: [Synth 8-3331] design stateMachine has unconnected port address[1]
WARNING: [Synth 8-3331] design stateMachine has unconnected port address[0]
WARNING: [Synth 8-3331] design memory has unconnected port reset
WARNING: [Synth 8-3331] design memory has unconnected port address[15]
WARNING: [Synth 8-3331] design memory has unconnected port address[14]
WARNING: [Synth 8-3331] design memory has unconnected port address[13]
WARNING: [Synth 8-3331] design memory has unconnected port address[12]
WARNING: [Synth 8-3331] design memory has unconnected port address[11]
WARNING: [Synth 8-3331] design memory has unconnected port address[10]
WARNING: [Synth 8-3331] design memory has unconnected port address[9]
WARNING: [Synth 8-3331] design memory has unconnected port address[8]
WARNING: [Synth 8-3331] design memory has unconnected port address[7]
WARNING: [Synth 8-3331] design procesador has unconnected port reset
WARNING: [Synth 8-3331] design procesador has unconnected port we
---------------------------------------------------------------------------------
Finished Synthesize : Time (s): cpu = 00:00:07 ; elapsed = 00:00:09 . Memory (MB): peak = 418.715 ; gain = 157.887
---------------------------------------------------------------------------------
---------------------------------------------------------------------------------
Finished Constraint Validation : Time (s): cpu = 00:00:07 ; elapsed = 00:00:09 . Memory (MB): peak = 418.715 ; gain = 157.887
---------------------------------------------------------------------------------
---------------------------------------------------------------------------------
Start Loading Part and Timing Information
---------------------------------------------------------------------------------
Loading part: xc7k70tfbv676-1
---------------------------------------------------------------------------------
Finished Loading Part and Timing Information : Time (s): cpu = 00:00:07 ; elapsed = 00:00:09 . Memory (MB): peak = 418.715 ; gain = 157.887
---------------------------------------------------------------------------------
INFO: [Device 21-403] Loading part xc7k70tfbv676-1
---------------------------------------------------------------------------------
Finished RTL Optimization Phase 2 : Time (s): cpu = 00:00:07 ; elapsed = 00:00:09 . Memory (MB): peak = 418.715 ; gain = 157.887
---------------------------------------------------------------------------------

Report RTL Partitions: 
+-+--------------+------------+----------+
| |RTL Partition |Replication |Instances |
+-+--------------+------------+----------+
+-+--------------+------------+----------+
No constraint files found.
---------------------------------------------------------------------------------
Start RTL Component Statistics 
---------------------------------------------------------------------------------
Detailed RTL Component Info : 
+---Registers : 
	               16 Bit    Registers := 1     
+---RAMs : 
	               1K Bit         RAMs := 1     
---------------------------------------------------------------------------------
Finished RTL Component Statistics 
---------------------------------------------------------------------------------
---------------------------------------------------------------------------------
Start RTL Hierarchical Component Statistics 
---------------------------------------------------------------------------------
Hierarchical RTL Component report 
Module memory 
Detailed RTL Component Info : 
+---Registers : 
	               16 Bit    Registers := 1     
+---RAMs : 
	               1K Bit         RAMs := 1     
---------------------------------------------------------------------------------
Finished RTL Hierarchical Component Statistics
---------------------------------------------------------------------------------
---------------------------------------------------------------------------------
Start Part Resource Summary
---------------------------------------------------------------------------------
Part Resources:
DSPs: 240 (col length:80)
BRAMs: 270 (col length: RAMB18 80 RAMB36 40)
---------------------------------------------------------------------------------
Finished Part Resource Summary
---------------------------------------------------------------------------------
No constraint files found.
---------------------------------------------------------------------------------
Start Cross Boundary and Area Optimization
---------------------------------------------------------------------------------
Warning: Parallel synthesis criteria is not met 
WARNING: [Synth 8-3331] design procesador has unconnected port reset
WARNING: [Synth 8-3331] design procesador has unconnected port we
WARNING: [Synth 8-3331] design procesador has unconnected port address[15]
WARNING: [Synth 8-3331] design procesador has unconnected port address[14]
WARNING: [Synth 8-3331] design procesador has unconnected port address[13]
WARNING: [Synth 8-3331] design procesador has unconnected port address[12]
WARNING: [Synth 8-3331] design procesador has unconnected port address[11]
WARNING: [Synth 8-3331] design procesador has unconnected port address[10]
WARNING: [Synth 8-3331] design procesador has unconnected port address[9]
WARNING: [Synth 8-3331] design procesador has unconnected port address[8]
WARNING: [Synth 8-3331] design procesador has unconnected port address[7]
---------------------------------------------------------------------------------
Finished Cross Boundary and Area Optimization : Time (s): cpu = 00:00:12 ; elapsed = 00:00:15 . Memory (MB): peak = 536.363 ; gain = 275.535
---------------------------------------------------------------------------------
---------------------------------------------------------------------------------
Start ROM, RAM, DSP and Shift Register Reporting
---------------------------------------------------------------------------------

Block RAM: Preliminary Mapping  Report (see note below)
+------------+------------+------------------------+---+---+------------------------+---+---+------------------+--------+--------+
|Module Name | RTL Object | PORT A (Depth x Width) | W | R | PORT B (Depth x Width) | W | R | Ports driving FF | RAMB18 | RAMB36 | 
+------------+------------+------------------------+---+---+------------------------+---+---+------------------+--------+--------+
|memory:     | memory_reg | 128 x 16(READ_FIRST)   | W | R |                        |   |   | Port A           | 1      | 0      | 
+------------+------------+------------------------+---+---+------------------------+---+---+------------------+--------+--------+

Note: The table above is a preliminary report that shows the Block RAMs at the current stage of the synthesis flow. Some Block RAMs may be reimplemented as non Block RAM primitives later in the synthesis flow. Multiple instantiated Block RAMs are reported only once. 
---------------------------------------------------------------------------------
Finished ROM, RAM, DSP and Shift Register Reporting
---------------------------------------------------------------------------------
INFO: [Synth 8-6837] The timing for the instance i_0/mem/memory_reg (implemented as a Block RAM) might be sub-optimal as no optional output register could be merged into the block ram. Providing additional output register may help in improving timing.

Report RTL Partitions: 
+-+--------------+------------+----------+
| |RTL Partition |Replication |Instances |
+-+--------------+------------+----------+
+-+--------------+------------+----------+
No constraint files found.
---------------------------------------------------------------------------------
Start Timing Optimization
---------------------------------------------------------------------------------
---------------------------------------------------------------------------------
Finished Timing Optimization : Time (s): cpu = 00:00:12 ; elapsed = 00:00:15 . Memory (MB): peak = 536.363 ; gain = 275.535
---------------------------------------------------------------------------------
---------------------------------------------------------------------------------
Start ROM, RAM, DSP and Shift Register Reporting
---------------------------------------------------------------------------------

Block RAM: Final Mapping  Report
+------------+------------+------------------------+---+---+------------------------+---+---+------------------+--------+--------+
|Module Name | RTL Object | PORT A (Depth x Width) | W | R | PORT B (Depth x Width) | W | R | Ports driving FF | RAMB18 | RAMB36 | 
+------------+------------+------------------------+---+---+------------------------+---+---+------------------+--------+--------+
|memory:     | memory_reg | 128 x 16(READ_FIRST)   | W | R |                        |   |   | Port A           | 1      | 0      | 
+------------+------------+------------------------+---+---+------------------------+---+---+------------------+--------+--------+

---------------------------------------------------------------------------------
Finished ROM, RAM, DSP and Shift Register Reporting
---------------------------------------------------------------------------------

Report RTL Partitions: 
+-+--------------+------------+----------+
| |RTL Partition |Replication |Instances |
+-+--------------+------------+----------+
+-+--------------+------------+----------+
---------------------------------------------------------------------------------
Start Technology Mapping
---------------------------------------------------------------------------------
INFO: [Synth 8-6837] The timing for the instance mem/memory_reg (implemented as a Block RAM) might be sub-optimal as no optional output register could be merged into the block ram. Providing additional output register may help in improving timing.
---------------------------------------------------------------------------------
Finished Technology Mapping : Time (s): cpu = 00:00:13 ; elapsed = 00:00:15 . Memory (MB): peak = 545.387 ; gain = 284.559
---------------------------------------------------------------------------------

Report RTL Partitions: 
+-+--------------+------------+----------+
| |RTL Partition |Replication |Instances |
+-+--------------+------------+----------+
+-+--------------+------------+----------+
---------------------------------------------------------------------------------
Start IO Insertion
---------------------------------------------------------------------------------
---------------------------------------------------------------------------------
Start Flattening Before IO Insertion
---------------------------------------------------------------------------------
---------------------------------------------------------------------------------
Finished Flattening Before IO Insertion
---------------------------------------------------------------------------------
---------------------------------------------------------------------------------
Start Final Netlist Cleanup
---------------------------------------------------------------------------------
---------------------------------------------------------------------------------
Finished Final Netlist Cleanup
---------------------------------------------------------------------------------
---------------------------------------------------------------------------------
Finished IO Insertion : Time (s): cpu = 00:00:14 ; elapsed = 00:00:17 . Memory (MB): peak = 545.387 ; gain = 284.559
---------------------------------------------------------------------------------

Report Check Netlist: 
+------+------------------+-------+---------+-------+------------------+
|      |Item              |Errors |Warnings |Status |Description       |
+------+------------------+-------+---------+-------+------------------+
|1     |multi_driven_nets |      0|        0|Passed |Multi driven nets |
+------+------------------+-------+---------+-------+------------------+
---------------------------------------------------------------------------------
Start Renaming Generated Instances
---------------------------------------------------------------------------------
---------------------------------------------------------------------------------
Finished Renaming Generated Instances : Time (s): cpu = 00:00:14 ; elapsed = 00:00:17 . Memory (MB): peak = 545.387 ; gain = 284.559
---------------------------------------------------------------------------------

Report RTL Partitions: 
+-+--------------+------------+----------+
| |RTL Partition |Replication |Instances |
+-+--------------+------------+----------+
+-+--------------+------------+----------+
---------------------------------------------------------------------------------
Start Rebuilding User Hierarchy
---------------------------------------------------------------------------------
---------------------------------------------------------------------------------
Finished Rebuilding User Hierarchy : Time (s): cpu = 00:00:14 ; elapsed = 00:00:17 . Memory (MB): peak = 545.387 ; gain = 284.559
---------------------------------------------------------------------------------
---------------------------------------------------------------------------------
Start Renaming Generated Ports
---------------------------------------------------------------------------------
---------------------------------------------------------------------------------
Finished Renaming Generated Ports : Time (s): cpu = 00:00:14 ; elapsed = 00:00:17 . Memory (MB): peak = 545.387 ; gain = 284.559
---------------------------------------------------------------------------------
---------------------------------------------------------------------------------
Start Handling Custom Attributes
---------------------------------------------------------------------------------
---------------------------------------------------------------------------------
Finished Handling Custom Attributes : Time (s): cpu = 00:00:14 ; elapsed = 00:00:17 . Memory (MB): peak = 545.387 ; gain = 284.559
---------------------------------------------------------------------------------
---------------------------------------------------------------------------------
Start Renaming Generated Nets
---------------------------------------------------------------------------------
---------------------------------------------------------------------------------
Finished Renaming Generated Nets : Time (s): cpu = 00:00:14 ; elapsed = 00:00:17 . Memory (MB): peak = 545.387 ; gain = 284.559
---------------------------------------------------------------------------------
---------------------------------------------------------------------------------
Start Writing Synthesis Report
---------------------------------------------------------------------------------

Report BlackBoxes: 
+-+--------------+----------+
| |BlackBox name |Instances |
+-+--------------+----------+
+-+--------------+----------+

Report Cell Usage: 
+------+---------+------+
|      |Cell     |Count |
+------+---------+------+
|1     |BUFG     |     1|
|2     |RAMB18E1 |     1|
|3     |IBUF     |    24|
|4     |OBUF     |    16|
+------+---------+------+

Report Instance Areas: 
+------+---------+-------+------+
|      |Instance |Module |Cells |
+------+---------+-------+------+
|1     |top      |       |    42|
|2     |  mem    |memory |     1|
+------+---------+-------+------+
---------------------------------------------------------------------------------
Finished Writing Synthesis Report : Time (s): cpu = 00:00:14 ; elapsed = 00:00:17 . Memory (MB): peak = 545.387 ; gain = 284.559
---------------------------------------------------------------------------------
Synthesis finished with 0 errors, 0 critical warnings and 77 warnings.
Synthesis Optimization Runtime : Time (s): cpu = 00:00:14 ; elapsed = 00:00:17 . Memory (MB): peak = 545.387 ; gain = 284.559
Synthesis Optimization Complete : Time (s): cpu = 00:00:14 ; elapsed = 00:00:17 . Memory (MB): peak = 545.387 ; gain = 284.559
INFO: [Project 1-571] Translating synthesized netlist
INFO: [Netlist 29-17] Analyzing 1 Unisim elements for replacement
INFO: [Netlist 29-28] Unisim Transformation completed in 0 CPU seconds
INFO: [Project 1-570] Preparing netlist for logic optimization
INFO: [Opt 31-138] Pushed 0 inverter(s) to 0 load pin(s).
Netlist sorting complete. Time (s): cpu = 00:00:00 ; elapsed = 00:00:00 . Memory (MB): peak = 655.844 ; gain = 0.000
INFO: [Project 1-111] Unisim Transformation Summary:
No Unisim elements were transformed.

INFO: [Common 17-83] Releasing license: Synthesis
17 Infos, 77 Warnings, 0 Critical Warnings and 0 Errors encountered.
synth_design completed successfully
synth_design: Time (s): cpu = 00:00:20 ; elapsed = 00:00:25 . Memory (MB): peak = 655.844 ; gain = 404.117
Netlist sorting complete. Time (s): cpu = 00:00:00 ; elapsed = 00:00:00 . Memory (MB): peak = 655.844 ; gain = 0.000
WARNING: [Constraints 18-5210] No constraints selected for write.
Resolution: This message can indicate that there are no constraints for the design, or it can indicate that the used_in flags are set such that the constraints are ignored. This later case is used when running synth_design to not write synthesis constraints to the resulting checkpoint. Instead, project constraints are read when the synthesized design is opened.
INFO: [Common 17-1381] The checkpoint 'C:/Users/Rey Messon/Desktop/procesador_mips/project_15/project_15.runs/synth_1/procesador.dcp' has been generated.
INFO: [runtcl-4] Executing : report_utilization -file procesador_utilization_synth.rpt -pb procesador_utilization_synth.pb
INFO: [Common 17-206] Exiting Vivado at Sun Aug  9 13:09:21 2020...
