Vivado Simulator 2018.3
Time resolution is 1 ps
test
default
xxxxxxxxxxxxxxxx
test
default
xxxxxxxxxxxxxxxx
test
default
xxxxxxxxxxxxxxxx
test
default
xxxxxxxxxxxxxxxx
test
default
xxxxxxxxxxxxxxxx
test
default
xxxxxxxxxxxxxxxx
test
default
xxxxxxxxxxxxxxxx
test
default
xxxxxxxxxxxxxxxx
test
default
xxxxxxxxxxxxxxxx
test
default
xxxxxxxxxxxxxxxx
test
default
xxxxxxxxxxxxxxxx
test
default
xxxxxxxxxxxxxxxx
test
default
xxxxxxxxxxxxxxxx
test
default
xxxxxxxxxxxxxxxx
test
default
xxxxxxxxxxxxxxxx
test
default
xxxxxxxxxxxxxxxx
test
default
xxxxxxxxxxxxxxxx
test
default
xxxxxxxxxxxxxxxx
test
default
xxxxxxxxxxxxxxxx
test
default
xxxxxxxxxxxxxxxx
test
default
xxxxxxxxxxxxxxxx
test
default
xxxxxxxxxxxxxxxx
test
default
xxxxxxxxxxxxxxxx
test
default
xxxxxxxxxxxxxxxx
test
default
xxxxxxxxxxxxxxxx
test
default
xxxxxxxxxxxxxxxx
test
default
xxxxxxxxxxxxxxxx
test
default
xxxxxxxxxxxxxxxx
test
default
xxxxxxxxxxxxxxxx
test
default
xxxxxxxxxxxxxxxx
test
default
xxxxxxxxxxxxxxxx
test
default
xxxxxxxxxxxxxxxx
test
default
xxxxxxxxxxxxxxxx
test
default
xxxxxxxxxxxxxxxx
test
default
xxxxxxxxxxxxxxxx
test
default
xxxxxxxxxxxxxxxx
test
default
xxxxxxxxxxxxxxxx
test
default
xxxxxxxxxxxxxxxx
test
default
xxxxxxxxxxxxxxxx
test
default
xxxxxxxxxxxxxxxx
test
default
xxxxxxxxxxxxxxxx
test
default
xxxxxxxxxxxxxxxx
test
default
xxxxxxxxxxxxxxxx
test
default
xxxxxxxxxxxxxxxx
test
default
xxxxxxxxxxxxxxxx
test
default
xxxxxxxxxxxxxxxx
test
default
xxxxxxxxxxxxxxxx
test
default
xxxxxxxxxxxxxxxx
test
default
xxxxxxxxxxxxxxxx
test
default
xxxxxxxxxxxxxxxx
test
default
xxxxxxxxxxxxxxxx
test
default
xxxxxxxxxxxxxxxx
test
default
xxxxxxxxxxxxxxxx
test
default
xxxxxxxxxxxxxxxx
test
default
xxxxxxxxxxxxxxxx
test
default
xxxxxxxxxxxxxxxx
test
default
xxxxxxxxxxxxxxxx
test
default
xxxxxxxxxxxxxxxx
test
default
xxxxxxxxxxxxxxxx
test
default
xxxxxxxxxxxxxxxx
test
default
xxxxxxxxxxxxxxxx
test
default
xxxxxxxxxxxxxxxx
test
default
xxxxxxxxxxxxxxxx
test
default
xxxxxxxxxxxxxxxx
test
default
xxxxxxxxxxxxxxxx
test
default
xxxxxxxxxxxxxxxx
test
default
test
default
test
default
test
default
test
default
test
default
test
default
test
default
test
default
test
default
test
default
test
default
test
default
test
default
test
default
test
default
test
default
test
default
test
default
test
default
test
default
test
default
test
default
test
default
test
default
test
default
test
default
test
default
test
default
test
default
test
default
test
default
test
default
test
default
