#-----------------------------------------------------------
# Vivado v2019.2 (64-bit)
# SW Build 2708876 on Wed Nov  6 21:40:23 MST 2019
# IP Build 2700528 on Thu Nov  7 00:09:20 MST 2019
# Start of session at: Sat Aug  1 19:21:02 2020
# Process ID: 2696
# Current directory: C:/Users/alber/Documents/GitHub/procesador_mips/project_1
# Command line: vivado.exe -gui_launcher_event rodinguilauncherevent9592 C:\Users\alber\Documents\GitHub\procesador_mips\project_1\project_1.xpr
# Log file: C:/Users/alber/Documents/GitHub/procesador_mips/project_1/vivado.log
# Journal file: C:/Users/alber/Documents/GitHub/procesador_mips/project_1\vivado.jou
#-----------------------------------------------------------
start_gui
open_project C:/Users/alber/Documents/GitHub/procesador_mips/project_1/project_1.xpr
INFO: [Project 1-313] Project file moved from 'C:/Users/Rey Messon/Desktop/procesador_mips/project_1' since last save.
Scanning sources...
Finished scanning sources
WARNING: [filemgmt 56-2] IPUserFilesDir: Could not find the directory 'C:/Users/alber/Documents/GitHub/procesador_mips/project_1/project_1.ip_user_files', nor could it be found using path 'C:/Users/Rey Messon/Desktop/procesador_mips/project_1/project_1.ip_user_files'.
INFO: [Project 1-230] Project 'project_1.xpr' upgraded for this version of Vivado.
INFO: [IP_Flow 19-234] Refreshing IP repositories
INFO: [IP_Flow 19-1704] No user IP repositories specified
INFO: [IP_Flow 19-2313] Loaded Vivado IP repository 'C:/Xilinx/Vivado/2019.2/data/ip'.
open_project: Time (s): cpu = 00:00:22 ; elapsed = 00:00:36 . Memory (MB): peak = 694.852 ; gain = 105.051
update_compile_order -fileset sources_1
file mkdir C:/Users/alber/Documents/GitHub/procesador_mips/project_1/project_1.srcs/sim_1/new
set_property SOURCE_SET sources_1 [get_filesets sim_1]
close [ open C:/Users/alber/Documents/GitHub/procesador_mips/project_1/project_1.srcs/sim_1/new/Procesador_tb.v w ]
add_files -fileset sim_1 C:/Users/alber/Documents/GitHub/procesador_mips/project_1/project_1.srcs/sim_1/new/Procesador_tb.v
update_compile_order -fileset sim_1
