Vivado Simulator 2018.3
Time resolution is 1 ps
xxxxxxxxxxxxxxxxxxxxxxxxxxxxxxxx
00000000000000010100000001010111
         5         20
         5         20
         5         20
         5         20
         5         20
          0
          0 xxxxxxxxxxxxxxxxxxxxxxxxxxxxxxxx
          1 00000000000000000000000000000000
          2 00000000000000000010000001010001
          3 00000000000000010100000001010010
          4 00000000000000010100000001010011
          5 00000000000000010100000001010100
          6 00000000000000010100000001010101
          7 00000000000000010100000001010110
          8 00000000000000010100000001010111
          9 00000000000000010100000001011000
         10 00000000000000010100000001011001
         11 00000000000000010100000001011010
         12 00000000000000010100000001011011
         13 00000000000000010100000001011100
         14 00000000000000010100000001011101
         15 00000000000000010100000001011110
         16 00000000000000000001010000000101
         17 00000100001000100110000100010110
         18 00000000000000000000000100010001
         19 00000000000000000000000000010001
         20 00000000000000000000000000010010
         21 00000000000000000000000000010011
         22 00000000000000000000000000010100
         23 00000000000000000000000000010101
         24 xxxxxxxxxxxxxxxxxxxxxxxxxxxxxxxx
         25 xxxxxxxxxxxxxxxxxxxxxxxxxxxxxxxx
         26 xxxxxxxxxxxxxxxxxxxxxxxxxxxxxxxx
         27 xxxxxxxxxxxxxxxxxxxxxxxxxxxxxxxx
         28 xxxxxxxxxxxxxxxxxxxxxxxxxxxxxxxx
         29 xxxxxxxxxxxxxxxxxxxxxxxxxxxxxxxx
         30 xxxxxxxxxxxxxxxxxxxxxxxxxxxxxxxx
         31 xxxxxxxxxxxxxxxxxxxxxxxxxxxxxxxx
         32 xxxxxxxxxxxxxxxxxxxxxxxxxxxxxxxx
         33 xxxxxxxxxxxxxxxxxxxxxxxxxxxxxxxx
         34 xxxxxxxxxxxxxxxxxxxxxxxxxxxxxxxx
         35 xxxxxxxxxxxxxxxxxxxxxxxxxxxxxxxx
         36 xxxxxxxxxxxxxxxxxxxxxxxxxxxxxxxx
         37 xxxxxxxxxxxxxxxxxxxxxxxxxxxxxxxx
         38 xxxxxxxxxxxxxxxxxxxxxxxxxxxxxxxx
         39 xxxxxxxxxxxxxxxxxxxxxxxxxxxxxxxx
         40 xxxxxxxxxxxxxxxxxxxxxxxxxxxxxxxx
         41 xxxxxxxxxxxxxxxxxxxxxxxxxxxxxxxx
         42 xxxxxxxxxxxxxxxxxxxxxxxxxxxxxxxx
         43 xxxxxxxxxxxxxxxxxxxxxxxxxxxxxxxx
         44 xxxxxxxxxxxxxxxxxxxxxxxxxxxxxxxx
         45 xxxxxxxxxxxxxxxxxxxxxxxxxxxxxxxx
         46 xxxxxxxxxxxxxxxxxxxxxxxxxxxxxxxx
         47 xxxxxxxxxxxxxxxxxxxxxxxxxxxxxxxx
         48 xxxxxxxxxxxxxxxxxxxxxxxxxxxxxxxx
         49 xxxxxxxxxxxxxxxxxxxxxxxxxxxxxxxx
         50 xxxxxxxxxxxxxxxxxxxxxxxxxxxxxxxx
         51 xxxxxxxxxxxxxxxxxxxxxxxxxxxxxxxx
         52 xxxxxxxxxxxxxxxxxxxxxxxxxxxxxxxx
         53 xxxxxxxxxxxxxxxxxxxxxxxxxxxxxxxx
         54 xxxxxxxxxxxxxxxxxxxxxxxxxxxxxxxx
         55 xxxxxxxxxxxxxxxxxxxxxxxxxxxxxxxx
         56 xxxxxxxxxxxxxxxxxxxxxxxxxxxxxxxx
         57 xxxxxxxxxxxxxxxxxxxxxxxxxxxxxxxx
         58 xxxxxxxxxxxxxxxxxxxxxxxxxxxxxxxx
         59 xxxxxxxxxxxxxxxxxxxxxxxxxxxxxxxx
         60 xxxxxxxxxxxxxxxxxxxxxxxxxxxxxxxx
         61 xxxxxxxxxxxxxxxxxxxxxxxxxxxxxxxx
         62 xxxxxxxxxxxxxxxxxxxxxxxxxxxxxxxx
         63 xxxxxxxxxxxxxxxxxxxxxxxxxxxxxxxx
         64 xxxxxxxxxxxxxxxxxxxxxxxxxxxxxxxx
         65 xxxxxxxxxxxxxxxxxxxxxxxxxxxxxxxx
         66 xxxxxxxxxxxxxxxxxxxxxxxxxxxxxxxx
         67 xxxxxxxxxxxxxxxxxxxxxxxxxxxxxxxx
         68 xxxxxxxxxxxxxxxxxxxxxxxxxxxxxxxx
         69 xxxxxxxxxxxxxxxxxxxxxxxxxxxxxxxx
         70 xxxxxxxxxxxxxxxxxxxxxxxxxxxxxxxx
         71 xxxxxxxxxxxxxxxxxxxxxxxxxxxxxxxx
         72 xxxxxxxxxxxxxxxxxxxxxxxxxxxxxxxx
         73 xxxxxxxxxxxxxxxxxxxxxxxxxxxxxxxx
         74 xxxxxxxxxxxxxxxxxxxxxxxxxxxxxxxx
         75 xxxxxxxxxxxxxxxxxxxxxxxxxxxxxxxx
         76 xxxxxxxxxxxxxxxxxxxxxxxxxxxxxxxx
         77 xxxxxxxxxxxxxxxxxxxxxxxxxxxxxxxx
         78 xxxxxxxxxxxxxxxxxxxxxxxxxxxxxxxx
         79 xxxxxxxxxxxxxxxxxxxxxxxxxxxxxxxx
         80 xxxxxxxxxxxxxxxxxxxxxxxxxxxxxxxx
         81 xxxxxxxxxxxxxxxxxxxxxxxxxxxxxxxx
         82 xxxxxxxxxxxxxxxxxxxxxxxxxxxxxxxx
         83 xxxxxxxxxxxxxxxxxxxxxxxxxxxxxxxx
         84 xxxxxxxxxxxxxxxxxxxxxxxxxxxxxxxx
         85 xxxxxxxxxxxxxxxxxxxxxxx