
*** Running vivado
    with args -log tb_mips.vds -m64 -product Vivado -mode batch -messageDb vivado.pb -notrace -source tb_mips.tcl


****** Vivado v2018.3 (64-bit)
  **** SW Build 2405991 on Thu Dec  6 23:38:27 MST 2018
  **** IP Build 2404404 on Fri Dec  7 01:43:56 MST 2018
    ** Copyright 1986-2018 Xilinx, Inc. All Rights Reserved.

source tb_mips.tcl -notrace
Command: synth_design -top tb_mips -part xc7k70tfbv676-1
Starting synth_design
Attempting to get a license for feature 'Synthesis' and/or device 'xc7k70t'
INFO: [Common 17-349] Got license for feature 'Synthesis' and/or device 'xc7k70t'
INFO: Launching helper process for spawning children vivado processes
INFO: Helper process launched with PID 13976 
---------------------------------------------------------------------------------
Starting Synthesize : Time (s): cpu = 00:00:05 ; elapsed = 00:00:05 . Memory (MB): peak = 362.324 ; gain = 101.617
---------------------------------------------------------------------------------
INFO: [Synth 8-6157] synthesizing module 'tb_mips' [C:/Users/Rey Messon/Desktop/procesador_mips/project_1/project_1.srcs/sources_1/new/tb_mips.v:1]
WARNING: [Synth 8-311] ignoring non-constant assignment in initial block [C:/Users/Rey Messon/Desktop/procesador_mips/project_1/project_1.srcs/sources_1/new/tb_mips.v:9]
WARNING: [Synth 8-311] ignoring non-constant assignment in initial block [C:/Users/Rey Messon/Desktop/procesador_mips/project_1/project_1.srcs/sources_1/new/tb_mips.v:9]
WARNING: [Synth 8-311] ignoring non-constant assignment in initial block [C:/Users/Rey Messon/Desktop/procesador_mips/project_1/project_1.srcs/sources_1/new/tb_mips.v:9]
WARNING: [Synth 8-311] ignoring non-constant assignment in initial block [C:/Users/Rey Messon/Desktop/procesador_mips/project_1/project_1.srcs/sources_1/new/tb_mips.v:9]
WARNING: [Synth 8-311] ignoring non-constant assignment in initial block [C:/Users/Rey Messon/Desktop/procesador_mips/project_1/project_1.srcs/sources_1/new/tb_mips.v:9]
WARNING: [Synth 8-311] ignoring non-constant assignment in initial block [C:/Users/Rey Messon/Desktop/procesador_mips/project_1/project_1.srcs/sources_1/new/tb_mips.v:9]
WARNING: [Synth 8-311] ignoring non-constant assignment in initial block [C:/Users/Rey Messon/Desktop/procesador_mips/project_1/project_1.srcs/sources_1/new/tb_mips.v:9]
WARNING: [Synth 8-311] ignoring non-constant assignment in initial block [C:/Users/Rey Messon/Desktop/procesador_mips/project_1/project_1.srcs/sources_1/new/tb_mips.v:9]
WARNING: [Synth 8-311] ignoring non-constant assignment in initial block [C:/Users/Rey Messon/Desktop/procesador_mips/project_1/project_1.srcs/sources_1/new/tb_mips.v:9]
WARNING: [Synth 8-311] ignoring non-constant assignment in initial block [C:/Users/Rey Messon/Desktop/procesador_mips/project_1/project_1.srcs/sources_1/new/tb_mips.v:9]
WARNING: [Synth 8-311] ignoring non-constant assignment in initial block [C:/Users/Rey Messon/Desktop/procesador_mips/project_1/project_1.srcs/sources_1/new/tb_mips.v:9]
WARNING: [Synth 8-311] ignoring non-constant assignment in initial block [C:/Users/Rey Messon/Desktop/procesador_mips/project_1/project_1.srcs/sources_1/new/tb_mips.v:9]
WARNING: [Synth 8-311] ignoring non-constant assignment in initial block [C:/Users/Rey Messon/Desktop/procesador_mips/project_1/project_1.srcs/sources_1/new/tb_mips.v:9]
WARNING: [Synth 8-311] ignoring non-constant assignment in initial block [C:/Users/Rey Messon/Desktop/procesador_mips/project_1/project_1.srcs/sources_1/new/tb_mips.v:9]
WARNING: [Synth 8-311] ignoring non-constant assignment in initial block [C:/Users/Rey Messon/Desktop/procesador_mips/project_1/project_1.srcs/sources_1/new/tb_mips.v:9]
WARNING: [Synth 8-311] ignoring non-constant assignment in initial block [C:/Users/Rey Messon/Desktop/procesador_mips/project_1/project_1.srcs/sources_1/new/tb_mips.v:9]
WARNING: [Synth 8-311] ignoring non-constant assignment in initial block [C:/Users/Rey Messon/Desktop/procesador_mips/project_1/project_1.srcs/sources_1/new/tb_mips.v:9]
WARNING: [Synth 8-311] ignoring non-constant assignment in initial block [C:/Users/Rey Messon/Desktop/procesador_mips/project_1/project_1.srcs/sources_1/new/tb_mips.v:9]
WARNING: [Synth 8-311] ignoring non-constant assignment in initial block [C:/Users/Rey Messon/Desktop/procesador_mips/project_1/project_1.srcs/sources_1/new/tb_mips.v:9]
WARNING: [Synth 8-311] ignoring non-constant assignment in initial block [C:/Users/Rey Messon/Desktop/procesador_mips/project_1/project_1.srcs/sources_1/new/tb_mips.v:9]
WARNING: [Synth 8-311] ignoring non-constant assignment in initial block [C:/Users/Rey Messon/Desktop/procesador_mips/project_1/project_1.srcs/sources_1/new/tb_mips.v:9]
WARNING: [Synth 8-311] ignoring non-constant assignment in initial block [C:/Users/Rey Messon/Desktop/procesador_mips/project_1/project_1.srcs/sources_1/new/tb_mips.v:9]
WARNING: [Synth 8-311] ignoring non-constant assignment in initial block [C:/Users/Rey Messon/Desktop/procesador_mips/project_1/project_1.srcs/sources_1/new/tb_mips.v:9]
WARNING: [Synth 8-311] ignoring non-constant assignment in initial block [C:/Users/Rey Messon/Desktop/procesador_mips/project_1/project_1.srcs/sources_1/new/tb_mips.v:9]
WARNING: [Synth 8-311] ignoring non-constant assignment in initial block [C:/Users/Rey Messon/Desktop/procesador_mips/project_1/project_1.srcs/sources_1/new/tb_mips.v:9]
WARNING: [Synth 8-311] ignoring non-constant assignment in initial block [C:/Users/Rey Messon/Desktop/procesador_mips/project_1/project_1.srcs/sources_1/new/tb_mips.v:9]
WARNING: [Synth 8-311] ignoring non-constant assignment in initial block [C:/Users/Rey Messon/Desktop/procesador_mips/project_1/project_1.srcs/sources_1/new/tb_mips.v:9]
WARNING: [Synth 8-311] ignoring non-constant assignment in initial block [C:/Users/Rey Messon/Desktop/procesador_mips/project_1/project_1.srcs/sources_1/new/tb_mips.v:9]
WARNING: [Synth 8-311] ignoring non-constant assignment in initial block [C:/Users/Rey Messon/Desktop/procesador_mips/project_1/project_1.srcs/sources_1/new/tb_mips.v:9]
WARNING: [Synth 8-311] ignoring non-constant assignment in initial block [C:/Users/Rey Messon/Desktop/procesador_mips/project_1/project_1.srcs/sources_1/new/tb_mips.v:9]
WARNING: [Synth 8-311] ignoring non-constant assignment in initial block [C:/Users/Rey Messon/Desktop/procesador_mips/project_1/project_1.srcs/sources_1/new/tb_mips.v:9]
WARNING: [Synth 8-311] ignoring non-constant assignment in initial block [C:/Users/Rey Messon/Desktop/procesador_mips/project_1/project_1.srcs/sources_1/new/tb_mips.v:9]
WARNING: [Synth 8-311] ignoring non-constant assignment in initial block [C:/Users/Rey Messon/Desktop/procesador_mips/project_1/project_1.srcs/sources_1/new/tb_mips.v:9]
WARNING: [Synth 8-311] ignoring non-constant assignment in initial block [C:/Users/Rey Messon/Desktop/procesador_mips/project_1/project_1.srcs/sources_1/new/tb_mips.v:9]
WARNING: [Synth 8-311] ignoring non-constant assignment in initial block [C:/Users/Rey Messon/Desktop/procesador_mips/project_1/project_1.srcs/sources_1/new/tb_mips.v:9]
WARNING: [Synth 8-311] ignoring non-constant assignment in initial block [C:/Users/Rey Messon/Desktop/procesador_mips/project_1/project_1.srcs/sources_1/new/tb_mips.v:9]
WARNING: [Synth 8-311] ignoring non-constant assignment in initial block [C:/Users/Rey Messon/Desktop/procesador_mips/project_1/project_1.srcs/sources_1/new/tb_mips.v:9]
WARNING: [Synth 8-311] ignoring non-constant assignment in initial block [C:/Users/Rey Messon/Desktop/procesador_mips/project_1/project_1.srcs/sources_1/new/tb_mips.v:9]
WARNING: [Synth 8-311] ignoring non-constant assignment in initial block [C:/Users/Rey Messon/Desktop/procesador_mips/project_1/project_1.srcs/sources_1/new/tb_mips.v:9]
WARNING: [Synth 8-311] ignoring non-constant assignment in initial block [C:/Users/Rey Messon/Desktop/procesador_mips/project_1/project_1.srcs/sources_1/new/tb_mips.v:9]
WARNING: [Synth 8-311] ignoring non-constant assignment in initial block [C:/Users/Rey Messon/Desktop/procesador_mips/project_1/project_1.srcs/sources_1/new/tb_mips.v:9]
WARNING: [Synth 8-311] ignoring non-constant assignment in initial block [C:/Users/Rey Messon/Desktop/procesador_mips/project_1/project_1.srcs/sources_1/new/tb_mips.v:9]
WARNING: [Synth 8-311] ignoring non-constant assignment in initial block [C:/Users/Rey Messon/Desktop/procesador_mips/project_1/project_1.srcs/sources_1/new/tb_mips.v:9]
WARNING: [Synth 8-311] ignoring non-constant assignment in initial block [C:/Users/Rey Messon/Desktop/procesador_mips/project_1/project_1.srcs/sources_1/new/tb_mips.v:9]
WARNING: [Synth 8-311] ignoring non-constant assignment in initial block [C:/Users/Rey Messon/Desktop/procesador_mips/project_1/project_1.srcs/sources_1/new/tb_mips.v:9]
WARNING: [Synth 8-311] ignoring non-constant assignment in initial block [C:/Users/Rey Messon/Desktop/procesador_mips/project_1/project_1.srcs/sources_1/new/tb_mips.v:9]
WARNING: [Synth 8-311] ignoring non-constant assignment in initial block [C:/Users/Rey Messon/Desktop/procesador_mips/project_1/project_1.srcs/sources_1/new/tb_mips.v:9]
WARNING: [Synth 8-311] ignoring non-constant assignment in initial block [C:/Users/Rey Messon/Desktop/procesador_mips/project_1/project_1.srcs/sources_1/new/tb_mips.v:9]
WARNING: [Synth 8-311] ignoring non-constant assignment in initial block [C:/Users/Rey Messon/Desktop/procesador_mips/project_1/project_1.srcs/sources_1/new/tb_mips.v:9]
WARNING: [Synth 8-311] ignoring non-constant assignment in initial block [C:/Users/Rey Messon/Desktop/procesador_mips/project_1/project_1.srcs/sources_1/new/tb_mips.v:9]
WARNING: [Synth 8-311] ignoring non-constant assignment in initial block [C:/Users/Rey Messon/Desktop/procesador_mips/project_1/project_1.srcs/sources_1/new/tb_mips.v:9]
WARNING: [Synth 8-311] ignoring non-constant assignment in initial block [C:/Users/Rey Messon/Desktop/procesador_mips/project_1/project_1.srcs/sources_1/new/tb_mips.v:9]
WARNING: [Synth 8-311] ignoring non-constant assignment in initial block [C:/Users/Rey Messon/Desktop/procesador_mips/project_1/project_1.srcs/sources_1/new/tb_mips.v:9]
WARNING: [Synth 8-311] ignoring non-constant assignment in initial block [C:/Users/Rey Messon/Desktop/procesador_mips/project_1/project_1.srcs/sources_1/new/tb_mips.v:9]
WARNING: [Synth 8-311] ignoring non-constant assignment in initial block [C:/Users/Rey Messon/Desktop/procesador_mips/project_1/project_1.srcs/sources_1/new/tb_mips.v:9]
WARNING: [Synth 8-311] ignoring non-constant assignment in initial block [C:/Users/Rey Messon/Desktop/procesador_mips/project_1/project_1.srcs/sources_1/new/tb_mips.v:9]
WARNING: [Synth 8-311] ignoring non-constant assignment in initial block [C:/Users/Rey Messon/Desktop/procesador_mips/project_1/project_1.srcs/sources_1/new/tb_mips.v:9]
WARNING: [Synth 8-311] ignoring non-constant assignment in initial block [C:/Users/Rey Messon/Desktop/procesador_mips/project_1/project_1.srcs/sources_1/new/tb_mips.v:9]
WARNING: [Synth 8-311] ignoring non-constant assignment in initial block [C:/Users/Rey Messon/Desktop/procesador_mips/project_1/project_1.srcs/sources_1/new/tb_mips.v:9]
WARNING: [Synth 8-311] ignoring non-constant assignment in initial block [C:/Users/Rey Messon/Desktop/procesador_mips/project_1/project_1.srcs/sources_1/new/tb_mips.v:9]
WARNING: [Synth 8-311] ignoring non-constant assignment in initial block [C:/Users/Rey Messon/Desktop/procesador_mips/project_1/project_1.srcs/sources_1/new/tb_mips.v:9]
WARNING: [Synth 8-311] ignoring non-constant assignment in initial block [C:/Users/Rey Messon/Desktop/procesador_mips/project_1/project_1.srcs/sources_1/new/tb_mips.v:9]
WARNING: [Synth 8-311] ignoring non-constant assignment in initial block [C:/Users/Rey Messon/Desktop/procesador_mips/project_1/project_1.srcs/sources_1/new/tb_mips.v:9]
WARNING: [Synth 8-311] ignoring non-constant assignment in initial block [C:/Users/Rey Messon/Desktop/procesador_mips/project_1/project_1.srcs/sources_1/new/tb_mips.v:9]
WARNING: [Synth 8-311] ignoring non-constant assignment in initial block [C:/Users/Rey Messon/Desktop/procesador_mips/project_1/project_1.srcs/sources_1/new/tb_mips.v:9]
WARNING: [Synth 8-311] ignoring non-constant assignment in initial block [C:/Users/Rey Messon/Desktop/procesador_mips/project_1/project_1.srcs/sources_1/new/tb_mips.v:9]
WARNING: [Synth 8-311] ignoring non-constant assignment in initial block [C:/Users/Rey Messon/Desktop/procesador_mips/project_1/project_1.srcs/sources_1/new/tb_mips.v:9]
WARNING: [Synth 8-311] ignoring non-constant assignment in initial block [C:/Users/Rey Messon/Desktop/procesador_mips/project_1/project_1.srcs/sources_1/new/tb_mips.v:9]
WARNING: [Synth 8-311] ignoring non-constant assignment in initial block [C:/Users/Rey Messon/Desktop/procesador_mips/project_1/project_1.srcs/sources_1/new/tb_mips.v:9]
WARNING: [Synth 8-311] ignoring non-constant assignment in initial block [C:/Users/Rey Messon/Desktop/procesador_mips/project_1/project_1.srcs/sources_1/new/tb_mips.v:9]
WARNING: [Synth 8-311] ignoring non-constant assignment in initial block [C:/Users/Rey Messon/Desktop/procesador_mips/project_1/project_1.srcs/sources_1/new/tb_mips.v:9]
WARNING: [Synth 8-311] ignoring non-constant assignment in initial block [C:/Users/Rey Messon/Desktop/procesador_mips/project_1/project_1.srcs/sources_1/new/tb_mips.v:9]
WARNING: [Synth 8-311] ignoring non-constant assignment in initial block [C:/Users/Rey Messon/Desktop/procesador_mips/project_1/project_1.srcs/sources_1/new/tb_mips.v:9]
WARNING: [Synth 8-311] ignoring non-constant assignment in initial block [C:/Users/Rey Messon/Desktop/procesador_mips/project_1/project_1.srcs/sources_1/new/tb_mips.v:9]
WARNING: [Synth 8-311] ignoring non-constant assignment in initial block [C:/Users/Rey Messon/Desktop/procesador_mips/project_1/project_1.srcs/sources_1/new/tb_mips.v:9]
WARNING: [Synth 8-311] ignoring non-constant assignment in initial block [C:/Users/Rey Messon/Desktop/procesador_mips/project_1/project_1.srcs/sources_1/new/tb_mips.v:9]
WARNING: [Synth 8-311] ignoring non-constant assignment in initial block [C:/Users/Rey Messon/Desktop/procesador_mips/project_1/project_1.srcs/sources_1/new/tb_mips.v:9]
WARNING: [Synth 8-311] ignoring non-constant assignment in initial block [C:/Users/Rey Messon/Desktop/procesador_mips/project_1/project_1.srcs/sources_1/new/tb_mips.v:9]
WARNING: [Synth 8-311] ignoring non-constant assignment in initial block [C:/Users/Rey Messon/Desktop/procesador_mips/project_1/project_1.srcs/sources_1/new/tb_mips.v:9]
WARNING: [Synth 8-311] ignoring non-constant assignment in initial block [C:/Users/Rey Messon/Desktop/procesador_mips/project_1/project_1.srcs/sources_1/new/tb_mips.v:9]
WARNING: [Synth 8-311] ignoring non-constant assignment in initial block [C:/Users/Rey Messon/Desktop/procesador_mips/project_1/project_1.srcs/sources_1/new/tb_mips.v:9]
WARNING: [Synth 8-311] ignoring non-constant assignment in initial block [C:/Users/Rey Messon/Desktop/procesador_mips/project_1/project_1.srcs/sources_1/new/tb_mips.v:9]
WARNING: [Synth 8-311] ignoring non-constant assignment in initial block [C:/Users/Rey Messon/Desktop/procesador_mips/project_1/project_1.srcs/sources_1/new/tb_mips.v:9]
WARNING: [Synth 8-311] ignoring non-constant assignment in initial block [C:/Users/Rey Messon/Desktop/procesador_mips/project_1/project_1.srcs/sources_1/new/tb_mips.v:9]
WARNING: [Synth 8-311] ignoring non-constant assignment in initial block [C:/Users/Rey Messon/Desktop/procesador_mips/project_1/project_1.srcs/sources_1/new/tb_mips.v:9]
WARNING: [Synth 8-311] ignoring non-constant assignment in initial block [C:/Users/Rey Messon/Desktop/procesador_mips/project_1/project_1.srcs/sources_1/new/tb_mips.v:9]
WARNING: [Synth 8-311] ignoring non-constant assignment in initial block [C:/Users/Rey Messon/Desktop/procesador_mips/project_1/project_1.srcs/sources_1/new/tb_mips.v:9]
WARNING: [Synth 8-311] ignoring non-constant assignment in initial block [C:/Users/Rey Messon/Desktop/procesador_mips/project_1/project_1.srcs/sources_1/new/tb_mips.v:9]
WARNING: [Synth 8-311] ignoring non-constant assignment in initial block [C:/Users/Rey Messon/Desktop/procesador_mips/project_1/project_1.srcs/sources_1/new/tb_mips.v:9]
WARNING: [Synth 8-311] ignoring non-constant assignment in initial block [C:/Users/Rey Messon/Desktop/procesador_mips/project_1/project_1.srcs/sources_1/new/tb_mips.v:9]
WARNING: [Synth 8-311] ignoring non-constant assignment in initial block [C:/Users/Rey Messon/Desktop/procesador_mips/project_1/project_1.srcs/sources_1/new/tb_mips.v:9]
WARNING: [Synth 8-311] ignoring non-constant assignment in initial block [C:/Users/Rey Messon/Desktop/procesador_mips/project_1/project_1.srcs/sources_1/new/tb_mips.v:9]
WARNING: [Synth 8-311] ignoring non-constant assignment in initial block [C:/Users/Rey Messon/Desktop/procesador_mips/project_1/project_1.srcs/sources_1/new/tb_mips.v:9]
WARNING: [Synth 8-311] ignoring non-constant assignment in initial block [C:/Users/Rey Messon/Desktop/procesador_mips/project_1/project_1.srcs/sources_1/new/tb_mips.v:9]
WARNING: [Synth 8-311] ignoring non-constant assignment in initial block [C:/Users/Rey Messon/Desktop/procesador_mips/project_1/project_1.srcs/sources_1/new/tb_mips.v:9]
WARNING: [Synth 8-311] ignoring non-constant assignment in initial block [C:/Users/Rey Messon/Desktop/procesador_mips/project_1/project_1.srcs/sources_1/new/tb_mips.v:9]
WARNING: [Synth 8-311] ignoring non-constant assignment in initial block [C:/Users/Rey Messon/Desktop/procesador_mips/project_1/project_1.srcs/sources_1/new/tb_mips.v:9]
WARNING: [Synth 8-311] ignoring non-constant assignment in initial block [C:/Users/Rey Messon/Desktop/procesador_mips/project_1/project_1.srcs/sources_1/new/tb_mips.v:9]
WARNING: [Synth 8-311] ignoring non-constant assignment in initial block [C:/Users/Rey Messon/Desktop/procesador_mips/project_1/project_1.srcs/sources_1/new/tb_mips.v:9]
WARNING: [Synth 8-311] ignoring non-constant assignment in initial block [C:/Users/Rey Messon/Desktop/procesador_mips/project_1/project_1.srcs/sources_1/new/tb_mips.v:9]
INFO: [Common 17-14] Message 'Synth 8-311' appears 100 times and further instances of the messages will be disabled. Use the Tcl command set_msg_config to change the current settings.
WARNING: [Synth 8-4446] all outputs are unconnected for this instance and logic may be removed [C:/Users/Rey Messon/Desktop/procesador_mips/project_1/project_1.srcs/sources_1/new/tb_mips.v:6]
INFO: [Synth 8-6157] synthesizing module 'mips' [C:/Users/Rey Messon/Desktop/procesador_mips/project_1/project_1.srcs/sources_1/new/mips.v:1]
INFO: [Synth 8-6157] synthesizing module 'control' [C:/Users/Rey Messon/Desktop/procesador_mips/project_1/project_1.srcs/sources_1/new/control.v:23]
	Parameter FETCH bound to: 4'b0000 
	Parameter DECODE bound to: 4'b0001 
	Parameter MEMADRCOMP bound to: 4'b0010 
	Parameter MEMACCESSL bound to: 4'b0011 
	Parameter MEMREADEND bound to: 4'b0100 
	Parameter MEMACCESSS bound to: 4'b0101 
	Parameter EXECUTION bound to: 4'b0110 
	Parameter RTYPEEND bound to: 4'b0111 
	Parameter BEQ bound to: 4'b1000 
INFO: [Synth 8-155] case statement is not full and has no default [C:/Users/Rey Messon/Desktop/procesador_mips/project_1/project_1.srcs/sources_1/new/control.v:103]
INFO: [Synth 8-6155] done synthesizing module 'control' (1#1) [C:/Users/Rey Messon/Desktop/procesador_mips/project_1/project_1.srcs/sources_1/new/control.v:23]
INFO: [Synth 8-6157] synthesizing module 'alucontrol' [C:/Users/Rey Messon/Desktop/procesador_mips/project_1/project_1.srcs/sources_1/new/alucontrol.v:1]
INFO: [Synth 8-155] case statement is not full and has no default [C:/Users/Rey Messon/Desktop/procesador_mips/project_1/project_1.srcs/sources_1/new/alucontrol.v:10]
INFO: [Synth 8-6155] done synthesizing module 'alucontrol' (2#1) [C:/Users/Rey Messon/Desktop/procesador_mips/project_1/project_1.srcs/sources_1/new/alucontrol.v:1]
INFO: [Synth 8-6157] synthesizing module 'datapath' [C:/Users/Rey Messon/Desktop/procesador_mips/project_1/project_1.srcs/sources_1/new/datapath.v:1]
	Parameter PCSTART bound to: 128 - type: integer 
INFO: [Synth 8-3876] $readmem data file 'memory_file.mem' is read successfully [C:/Users/Rey Messon/Desktop/procesador_mips/project_1/project_1.srcs/sources_1/new/datapath.v:54]
ERROR: [Synth 8-524] part-select [31:26] out of range of prefix 'Instruction' [C:/Users/Rey Messon/Desktop/procesador_mips/project_1/project_1.srcs/sources_1/new/datapath.v:48]
ERROR: [Synth 8-6156] failed synthesizing module 'datapath' [C:/Users/Rey Messon/Desktop/procesador_mips/project_1/project_1.srcs/sources_1/new/datapath.v:1]
ERROR: [Synth 8-6156] failed synthesizing module 'mips' [C:/Users/Rey Messon/Desktop/procesador_mips/project_1/project_1.srcs/sources_1/new/mips.v:1]
ERROR: [Synth 8-6156] failed synthesizing module 'tb_mips' [C:/Users/Rey Messon/Desktop/procesador_mips/project_1/project_1.srcs/sources_1/new/tb_mips.v:1]
---------------------------------------------------------------------------------
Finished Synthesize : Time (s): cpu = 00:00:12 ; elapsed = 00:00:13 . Memory (MB): peak = 457.996 ; gain = 197.289
---------------------------------------------------------------------------------
synthesize failed
INFO: [Common 17-83] Releasing license: Synthesis
13 Infos, 101 Warnings, 0 Critical Warnings and 5 Errors encountered.
synth_design failed
ERROR: [Common 17-69] Command failed: Vivado Synthesis failed
INFO: [Common 17-206] Exiting Vivado at Wed Aug  5 19:34:56 2020...
