
*** Running vivado
    with args -log alu.vds -m64 -product Vivado -mode batch -messageDb vivado.pb -notrace -source alu.tcl


****** Vivado v2018.3 (64-bit)
  **** SW Build 2405991 on Thu Dec  6 23:38:27 MST 2018
  **** IP Build 2404404 on Fri Dec  7 01:43:56 MST 2018
    ** Copyright 1986-2018 Xilinx, Inc. All Rights Reserved.

source alu.tcl -notrace
Command: synth_design -top alu -part xc7k70tfbv676-1
Starting synth_design
Attempting to get a license for feature 'Synthesis' and/or device 'xc7k70t'
INFO: [Common 17-349] Got license for feature 'Synthesis' and/or device 'xc7k70t'
INFO: Launching helper process for spawning children vivado processes
INFO: Helper process launched with PID 9032 
---------------------------------------------------------------------------------
Starting Synthesize : Time (s): cpu = 00:00:05 ; elapsed = 00:00:05 . Memory (MB): peak = 361.539 ; gain = 100.590
---------------------------------------------------------------------------------
INFO: [Synth 8-6157] synthesizing module 'alu' [C:/Users/Rey Messon/Desktop/procesador_mips/project_8/project_8.srcs/sources_1/new/alu.v:23]
INFO: [Synth 8-6155] done synthesizing module 'alu' (1#1) [C:/Users/Rey Messon/Desktop/procesador_mips/project_8/project_8.srcs/sources_1/new/alu.v:23]
WARNING: [Synth 8-3331] design alu has unconnected port a[15]
WARNING: [Synth 8-3331] design alu has unconnected port a[14]
WARNING: [Synth 8-3331] design alu has unconnected port a[13]
WARNING: [Synth 8-3331] design alu has unconnected port a[12]
WARNING: [Synth 8-3331] design alu has unconnected port a[11]
WARNING: [Synth 8-3331] design alu has unconnected port a[10]
WARNING: [Synth 8-3331] design alu has unconnected port a[9]
WARNING: [Synth 8-3331] design alu has unconnected port a[8]
WARNING: [Synth 8-3331] design alu has unconnected port a[7]
WARNING: [Synth 8-3331] design alu has unconnected port a[6]
WARNING: [Synth 8-3331] design alu has unconnected port a[5]
WARNING: [Synth 8-3331] design alu has unconnected port a[4]
WARNING: [Synth 8-3331] design alu has unconnected port a[3]
WARNING: [Synth 8-3331] design alu has unconnected port a[2]
WARNING: [Synth 8-3331] design alu has unconnected port a[1]
WARNING: [Synth 8-3331] design alu has unconnected port b[15]
WARNING: [Synth 8-3331] design alu has unconnected port b[14]
WARNING: [Synth 8-3331] design alu has unconnected port b[13]
WARNING: [Synth 8-3331] design alu has unconnected port b[12]
WARNING: [Synth 8-3331] design alu has unconnected port b[11]
WARNING: [Synth 8-3331] design alu has unconnected port b[10]
WARNING: [Synth 8-3331] design alu has unconnected port b[9]
WARNING: [Synth 8-3331] design alu has unconnected port b[8]
WARNING: [Synth 8-3331] design alu has unconnected port b[7]
WARNING: [Synth 8-3331] design alu has unconnected port b[6]
WARNING: [Synth 8-3331] design alu has unconnected port b[5]
WARNING: [Synth 8-3331] design alu has unconnected port b[4]
WARNING: [Synth 8-3331] design alu has unconnected port b[3]
WARNING: [Synth 8-3331] design alu has unconnected port b[2]
WARNING: [Synth 8-3331] design alu has unconnected port b[1]
---------------------------------------------------------------------------------
Finished Synthesize : Time (s): cpu = 00:00:06 ; elapsed = 00:00:07 . Memory (MB): peak = 417.992 ; gain = 157.043
---------------------------------------------------------------------------------
---------------------------------------------------------------------------------
Finished Constraint Validation : Time (s): cpu = 00:00:06 ; elapsed = 00:00:07 . Memory (MB): peak = 417.992 ; gain = 157.043
---------------------------------------------------------------------------------
---------------------------------------------------------------------------------
Start Loading Part and Timing Information
---------------------------------------------------------------------------------
Loading part: xc7k70tfbv676-1
---------------------------------------------------------------------------------
Finished Loading Part and Timing Information : Time (s): cpu = 00:00:06 ; elapsed = 00:00:07 . Memory (MB): peak = 417.992 ; gain = 157.043
---------------------------------------------------------------------------------
INFO: [Device 21-403] Loading part xc7k70tfbv676-1
---------------------------------------------------------------------------------
Finished RTL Optimization Phase 2 : Time (s): cpu = 00:00:06 ; elapsed = 00:00:07 . Memory (MB): peak = 417.992 ; gain = 157.043
---------------------------------------------------------------------------------

Report RTL Partitions: 
+-+--------------+------------+----------+
| |RTL Partition |Replication |Instances |
+-+--------------+------------+----------+
+-+--------------+------------+----------+
No constraint files found.
---------------------------------------------------------------------------------
Start RTL Component Statistics 
---------------------------------------------------------------------------------
Detailed RTL Component Info : 
+---Adders : 
	   2 Input      1 Bit       Adders := 1     
---------------------------------------------------------------------------------
Finished RTL Component Statistics 
---------------------------------------------------------------------------------
---------------------------------------------------------------------------------
Start RTL Hierarchical Component Statistics 
---------------------------------------------------------------------------------
Hierarchical RTL Component report 
Module alu 
Detailed RTL Component Info : 
+---Adders : 
	   2 Input      1 Bit       Adders := 1     
---------------------------------------------------------------------------------
Finished RTL Hierarchical Component Statistics
---------------------------------------------------------------------------------
---------------------------------------------------------------------------------
Start Part Resource Summary
---------------------------------------------------------------------------------
Part Resources:
DSPs: 240 (col length:80)
BRAMs: 270 (col length: RAMB18 80 RAMB36 40)
---------------------------------------------------------------------------------
Finished Part Resource Summary
---------------------------------------------------------------------------------
No constraint files found.
---------------------------------------------------------------------------------
Start Cross Boundary and Area Optimization
---------------------------------------------------------------------------------
Warning: Parallel synthesis criteria is not met 
WARNING: [Synth 8-3331] design alu has unconnected port a[15]
WARNING: [Synth 8-3331] design alu has unconnected port a[14]
WARNING: [Synth 8-3331] design alu has unconnected port a[13]
WARNING: [Synth 8-3331] design alu has unconnected port a[12]
WARNING: [Synth 8-3331] design alu has unconnected port a[11]
WARNING: [Synth 8-3331] design alu has unconnected port a[10]
WARNING: [Synth 8-3331] design alu has unconnected port a[9]
WARNING: [Synth 8-3331] design alu has unconnected port a[8]
WARNING: [Synth 8-3331] design alu has unconnected port a[7]
WARNING: [Synth 8-3331] design alu has unconnected port a[6]
WARNING: [Synth 8-3331] design alu has unconnected port a[5]
WARNING: [Synth 8-3331] design alu has unconnected port a[4]
WARNING: [Synth 8-3331] design alu has unconnected port a[3]
WARNING: [Synth 8-3331] design alu has unconnected port a[2]
WARNING: [Synth 8-3331] design alu has unconnected port a[1]
WARNING: [Synth 8-3331] design alu has unconnected port b[15]
WARNING: [Synth 8-3331] design alu has unconnected port b[14]
WARNING: [Synth 8-3331] design alu has unconnected port b[13]
WARNING: [Synth 8-3331] design alu has unconnected port b[12]
WARNING: [Synth 8-3331] design alu has unconnected port b[11]
WARNING: [Synth 8-3331] design alu has unconnected port b[10]
WARNING: [Synth 8-3331] design alu has unconnected port b[9]
WARNING: [Synth 8-3331] design alu has unconnected port b[8]
WARNING: [Synth 8-3331] design alu has unconnected port b[7]
WARNING: [Synth 8-3331] design alu has unconnected port b[6]
WARNING: [Synth 8-3331] design alu has unconnected port b[5]
WARNING: [Synth 8-3331] design alu has unconnected port b[4]
WARNING: [Synth 8-3331] design alu has unconnected port b[3]
WARNING: [Synth 8-3331] design alu has unconnected port b[2]
WARNING: [Synth 8-3331] design alu has unconnected port b[1]
---------------------------------------------------------------------------------
Finished Cross Boundary and Area Optimization : Time (s): cpu = 00:00:11 ; elapsed = 00:00:12 . Memory (MB): peak = 536.617 ; gain = 275.668
---------------------------------------------------------------------------------

Report RTL Partitions: 
+-+--------------+------------+----------+
| |RTL Partition |Replication |Instances |
+-+--------------+------------+----------+
+-+--------------+------------+----------+
No constraint files found.
---------------------------------------------------------------------------------
Start Timing Optimization
---------------------------------------------------------------------------------
---------------------------------------------------------------------------------
Finished Timing Optimization : Time (s): cpu = 00:00:11 ; elapsed = 00:00:12 . Memory (MB): peak = 536.617 ; gain = 275.668
---------------------------------------------------------------------------------

Report RTL Partitions: 
+-+--------------+------------+----------+
| |RTL Partition |Replication |Instances |
+-+--------------+------------+----------+
+-+--------------+------------+----------+
---------------------------------------------------------------------------------
Start Technology Mapping
---------------------------------------------------------------------------------
---------------------------------------------------------------------------------
Finished Technology Mapping : Time (s): cpu = 00:00:11 ; elapsed = 00:00:12 . Memory (MB): peak = 536.617 ; gain = 275.668
---------------------------------------------------------------------------------

Report RTL Partitions: 
+-+--------------+------------+----------+
| |RTL Partition |Replication |Instances |
+-+--------------+------------+----------+
+-+--------------+------------+----------+
---------------------------------------------------------------------------------
Start IO Insertion
---------------------------------------------------------------------------------
---------------------------------------------------------------------------------
Start Flattening Before IO Insertion
---------------------------------------------------------------------------------
---------------------------------------------------------------------------------
Finished Flattening Before IO Insertion
---------------------------------------------------------------------------------
---------------------------------------------------------------------------------
Start Final Netlist Cleanup
---------------------------------------------------------------------------------
---------------------------------------------------------------------------------
Finished Final Netlist Cleanup
---------------------------------------------------------------------------------
---------------------------------------------------------------------------------
Finished IO Insertion : Time (s): cpu = 00:00:13 ; elapsed = 00:00:15 . Memory (MB): peak = 536.617 ; gain = 275.668
---------------------------------------------------------------------------------

Report Check Netlist: 
+------+------------------+-------+---------+-------+------------------+
|      |Item              |Errors |Warnings |Status |Description       |
+------+------------------+-------+---------+-------+------------------+
|1     |multi_driven_nets |      0|        0|Passed |Multi driven nets |
+------+------------------+-------+---------+-------+------------------+
---------------------------------------------------------------------------------
Start Renaming Generated Instances
---------------------------------------------------------------------------------
---------------------------------------------------------------------------------
Finished Renaming Generated Instances : Time (s): cpu = 00:00:13 ; elapsed = 00:00:15 . Memory (MB): peak = 536.617 ; gain = 275.668
---------------------------------------------------------------------------------

Report RTL Partitions: 
+-+--------------+------------+----------+
| |RTL Partition |Replication |Instances |
+-+--------------+------------+----------+
+-+--------------+------------+----------+
---------------------------------------------------------------------------------
Start Rebuilding User Hierarchy
---------------------------------------------------------------------------------
---------------------------------------------------------------------------------
Finished Rebuilding User Hierarchy : Time (s): cpu = 00:00:13 ; elapsed = 00:00:15 . Memory (MB): peak = 536.617 ; gain = 275.668
---------------------------------------------------------------------------------
---------------------------------------------------------------------------------
Start Renaming Generated Ports
---------------------------------------------------------------------------------
---------------------------------------------------------------------------------
Finished Renaming Generated Ports : Time (s): cpu = 00:00:13 ; elapsed = 00:00:15 . Memory (MB): peak = 536.617 ; gain = 275.668
---------------------------------------------------------------------------------
---------------------------------------------------------------------------------
Start Handling Custom Attributes
---------------------------------------------------------------------------------
---------------------------------------------------------------------------------
Finished Handling Custom Attributes : Time (s): cpu = 00:00:13 ; elapsed = 00:00:15 . Memory (MB): peak = 536.617 ; gain = 275.668
---------------------------------------------------------------------------------
---------------------------------------------------------------------------------
Start Renaming Generated Nets
---------------------------------------------------------------------------------
---------------------------------------------------------------------------------
Finished Renaming Generated Nets : Time (s): cpu = 00:00:13 ; elapsed = 00:00:15 . Memory (MB): peak = 536.617 ; gain = 275.668
---------------------------------------------------------------------------------
---------------------------------------------------------------------------------
Start Writing Synthesis Report
---------------------------------------------------------------------------------

Report BlackBoxes: 
+-+--------------+----------+
| |BlackBox name |Instances |
+-+--------------+----------+
+-+--------------+----------+

Report Cell Usage: 
+------+-----+------+
|      |Cell |Count |
+------+-----+------+
|1     |LUT2 |     1|
|2     |IBUF |     2|
|3     |OBUF |     1|
+------+-----+------+

Report Instance Areas: 
+------+---------+-------+------+
|      |Instance |Module |Cells |
+------+---------+-------+------+
|1     |top      |       |     4|
+------+---------+-------+------+
---------------------------------------------------------------------------------
Finished Writing Synthesis Report : Time (s): cpu = 00:00:13 ; elapsed = 00:00:15 . Memory (MB): peak = 536.617 ; gain = 275.668
---------------------------------------------------------------------------------
Synthesis finished with 0 errors, 0 critical warnings and 60 warnings.
Synthesis Optimization Runtime : Time (s): cpu = 00:00:13 ; elapsed = 00:00:15 . Memory (MB): peak = 536.617 ; gain = 275.668
Synthesis Optimization Complete : Time (s): cpu = 00:00:13 ; elapsed = 00:00:15 . Memory (MB): peak = 536.617 ; gain = 275.668
INFO: [Project 1-571] Translating synthesized netlist
INFO: [Project 1-570] Preparing netlist for logic optimization
INFO: [Opt 31-138] Pushed 0 inverter(s) to 0 load pin(s).
Netlist sorting complete. Time (s): cpu = 00:00:00 ; elapsed = 00:00:00 . Memory (MB): peak = 644.629 ; gain = 0.000
INFO: [Project 1-111] Unisim Transformation Summary:
No Unisim elements were transformed.

INFO: [Common 17-83] Releasing license: Synthesis
9 Infos, 60 Warnings, 0 Critical Warnings and 0 Errors encountered.
synth_design completed successfully
synth_design: Time (s): cpu = 00:00:19 ; elapsed = 00:00:23 . Memory (MB): peak = 644.629 ; gain = 393.809
Netlist sorting complete. Time (s): cpu = 00:00:00 ; elapsed = 00:00:00 . Memory (MB): peak = 644.629 ; gain = 0.000
WARNING: [Constraints 18-5210] No constraints selected for write.
Resolution: This message can indicate that there are no constraints for the design, or it can indicate that the used_in flags are set such that the constraints are ignored. This later case is used when running synth_design to not write synthesis constraints to the resulting checkpoint. Instead, project constraints are read when the synthesized design is opened.
INFO: [Common 17-1381] The checkpoint 'C:/Users/Rey Messon/Desktop/procesador_mips/project_8/project_8.runs/synth_1/alu.dcp' has been generated.
INFO: [runtcl-4] Executing : report_utilization -file alu_utilization_synth.rpt -pb alu_utilization_synth.pb
INFO: [Common 17-206] Exiting Vivado at Wed Aug  5 20:03:57 2020...
